<?xml version="1.0" encoding="UTF-8"?>
<testsuite name="TestGrade" tests="4" skipped="0" failures="0" errors="0" timestamp="2019-09-20T14:30:35" hostname="LAPTOP-45BI6028" time="0.012">
  <properties/>
  <testcase name="testAverageGrade()" classname="TestGrade" time="0.0"/>
  <testcase name="testGetValue()" classname="TestGrade" time="0.001"/>
  <testcase name="testToString()" classname="TestGrade" time="0.001"/>
  <testcase name="testEquals()" classname="TestGrade" time="0.003"/>
  <system-out><![CDATA[]]></system-out>
  <system-err><![CDATA[]]></system-err>
</testsuite>
